c:\users\charles\dropbox\github\groupproject\cmp2068m-code\skeletonbasics-d2d\debug\vc120.pdb
c:\users\charles\dropbox\github\groupproject\cmp2068m-code\skeletonbasics-d2d\debug\vc120.idb
c:\users\charles\dropbox\github\groupproject\cmp2068m-code\skeletonbasics-d2d\debug\kinectaudiostream.obj
c:\users\charles\dropbox\github\groupproject\cmp2068m-code\skeletonbasics-d2d\debug\skeletonbasics.obj
c:\users\charles\dropbox\github\groupproject\cmp2068m-code\skeletonbasics-d2d\debug\skeletonbasics.res
c:\users\charles\dropbox\github\groupproject\cmp2068m-code\skeletonbasics-d2d\debug\skeletonbasics-d2d.pdb
c:\users\charles\dropbox\github\groupproject\cmp2068m-code\skeletonbasics-d2d\debug\skeleton.a0e290c0.tlog\cl.command.1.tlog
c:\users\charles\dropbox\github\groupproject\cmp2068m-code\skeletonbasics-d2d\debug\skeleton.a0e290c0.tlog\cl.read.1.tlog
c:\users\charles\dropbox\github\groupproject\cmp2068m-code\skeletonbasics-d2d\debug\skeleton.a0e290c0.tlog\cl.write.1.tlog
c:\users\charles\dropbox\github\groupproject\cmp2068m-code\skeletonbasics-d2d\debug\skeleton.a0e290c0.tlog\link-cvtres.read.1.tlog
c:\users\charles\dropbox\github\groupproject\cmp2068m-code\skeletonbasics-d2d\debug\skeleton.a0e290c0.tlog\link-cvtres.write.1.tlog
c:\users\charles\dropbox\github\groupproject\cmp2068m-code\skeletonbasics-d2d\debug\skeleton.a0e290c0.tlog\link-rc.read.1.tlog
c:\users\charles\dropbox\github\groupproject\cmp2068m-code\skeletonbasics-d2d\debug\skeleton.a0e290c0.tlog\link-rc.write.1.tlog
c:\users\charles\dropbox\github\groupproject\cmp2068m-code\skeletonbasics-d2d\debug\skeleton.a0e290c0.tlog\link.8188-cvtres.read.1.tlog
c:\users\charles\dropbox\github\groupproject\cmp2068m-code\skeletonbasics-d2d\debug\skeleton.a0e290c0.tlog\link.8188-cvtres.write.1.tlog
c:\users\charles\dropbox\github\groupproject\cmp2068m-code\skeletonbasics-d2d\debug\skeleton.a0e290c0.tlog\link.8188-rc.read.1.tlog
c:\users\charles\dropbox\github\groupproject\cmp2068m-code\skeletonbasics-d2d\debug\skeleton.a0e290c0.tlog\link.8188-rc.write.1.tlog
c:\users\charles\dropbox\github\groupproject\cmp2068m-code\skeletonbasics-d2d\debug\skeleton.a0e290c0.tlog\link.8188.read.1.tlog
c:\users\charles\dropbox\github\groupproject\cmp2068m-code\skeletonbasics-d2d\debug\skeleton.a0e290c0.tlog\link.8188.write.1.tlog
c:\users\charles\dropbox\github\groupproject\cmp2068m-code\skeletonbasics-d2d\debug\skeleton.a0e290c0.tlog\link.command.1.tlog
c:\users\charles\dropbox\github\groupproject\cmp2068m-code\skeletonbasics-d2d\debug\skeleton.a0e290c0.tlog\link.read.1.tlog
c:\users\charles\dropbox\github\groupproject\cmp2068m-code\skeletonbasics-d2d\debug\skeleton.a0e290c0.tlog\link.write.1.tlog
c:\users\charles\dropbox\github\groupproject\cmp2068m-code\skeletonbasics-d2d\debug\skeleton.a0e290c0.tlog\rc.command.1.tlog
c:\users\charles\dropbox\github\groupproject\cmp2068m-code\skeletonbasics-d2d\debug\skeleton.a0e290c0.tlog\rc.read.1.tlog
c:\users\charles\dropbox\github\groupproject\cmp2068m-code\skeletonbasics-d2d\debug\skeleton.a0e290c0.tlog\rc.write.1.tlog
