C:\USERS\CHARLES\DROPBOX\RANDOMC++\KINECT\KINECT PROJ\KINECT PROJ\DEBUG\KINECT PROJ.OBJ
C:\USERS\CHARLES\DROPBOX\RANDOMC++\KINECT\KINECT PROJ\KINECT PROJ\DEBUG\STDAFX.OBJ
C:\USERS\CHARLES\DROPBOX\RANDOMC++\KINECT\KINECT PROJ\KINECT PROJ\DEBUG\VC110.PDB
C:\USERS\CHARLES\DROPBOX\RANDOMC++\KINECT\KINECT PROJ\KINECT PROJ\DEBUG\TESTING.OBJ
C:\USERS\CHARLES\DROPBOX\RANDOMC++\KINECT\KINECT PROJ\DEBUG\KINECT PROJ.ILK
C:\USERS\CHARLES\DROPBOX\RANDOMC++\KINECT\KINECT PROJ\DEBUG\KINECT PROJ.EXE
C:\USERS\CHARLES\DROPBOX\RANDOMC++\KINECT\KINECT PROJ\DEBUG\KINECT PROJ.PDB
C:\Users\Charles\Dropbox\randomc++\Kinect\kinect proj\kinect proj\Debug\kinect proj.obj
C:\Users\Charles\Dropbox\randomc++\Kinect\kinect proj\kinect proj\Debug\stdafx.obj
C:\Users\Charles\Dropbox\randomc++\Kinect\kinect proj\kinect proj\Debug\Testing.obj
C:\Users\Charles\Dropbox\randomc++\Kinect\kinect proj\kinect proj\Debug\cl.command.1.tlog
C:\Users\Charles\Dropbox\randomc++\Kinect\kinect proj\kinect proj\Debug\CL.read.1.tlog
C:\Users\Charles\Dropbox\randomc++\Kinect\kinect proj\kinect proj\Debug\CL.write.1.tlog
C:\Users\Charles\Dropbox\randomc++\Kinect\kinect proj\kinect proj\Debug\link-cvtres.read.1.tlog
C:\Users\Charles\Dropbox\randomc++\Kinect\kinect proj\kinect proj\Debug\link-cvtres.write.1.tlog
C:\Users\Charles\Dropbox\randomc++\Kinect\kinect proj\kinect proj\Debug\link-rc.read.1.tlog
C:\Users\Charles\Dropbox\randomc++\Kinect\kinect proj\kinect proj\Debug\link-rc.write.1.tlog
C:\Users\Charles\Dropbox\randomc++\Kinect\kinect proj\kinect proj\Debug\link.1976-cvtres.read.1.tlog
C:\Users\Charles\Dropbox\randomc++\Kinect\kinect proj\kinect proj\Debug\link.1976-cvtres.write.1.tlog
C:\Users\Charles\Dropbox\randomc++\Kinect\kinect proj\kinect proj\Debug\link.1976-rc.read.1.tlog
C:\Users\Charles\Dropbox\randomc++\Kinect\kinect proj\kinect proj\Debug\link.1976-rc.write.1.tlog
C:\Users\Charles\Dropbox\randomc++\Kinect\kinect proj\kinect proj\Debug\link.1976.read.1.tlog
C:\Users\Charles\Dropbox\randomc++\Kinect\kinect proj\kinect proj\Debug\link.1976.write.1.tlog
C:\Users\Charles\Dropbox\randomc++\Kinect\kinect proj\kinect proj\Debug\link.2104-cvtres.read.1.tlog
C:\Users\Charles\Dropbox\randomc++\Kinect\kinect proj\kinect proj\Debug\link.2104-cvtres.write.1.tlog
C:\Users\Charles\Dropbox\randomc++\Kinect\kinect proj\kinect proj\Debug\link.2104-rc.read.1.tlog
C:\Users\Charles\Dropbox\randomc++\Kinect\kinect proj\kinect proj\Debug\link.2104-rc.write.1.tlog
C:\Users\Charles\Dropbox\randomc++\Kinect\kinect proj\kinect proj\Debug\link.2104.read.1.tlog
C:\Users\Charles\Dropbox\randomc++\Kinect\kinect proj\kinect proj\Debug\link.2104.write.1.tlog
C:\Users\Charles\Dropbox\randomc++\Kinect\kinect proj\kinect proj\Debug\link.2712-cvtres.read.1.tlog
C:\Users\Charles\Dropbox\randomc++\Kinect\kinect proj\kinect proj\Debug\link.2712-cvtres.write.1.tlog
C:\Users\Charles\Dropbox\randomc++\Kinect\kinect proj\kinect proj\Debug\link.2712-rc.read.1.tlog
C:\Users\Charles\Dropbox\randomc++\Kinect\kinect proj\kinect proj\Debug\link.2712-rc.write.1.tlog
C:\Users\Charles\Dropbox\randomc++\Kinect\kinect proj\kinect proj\Debug\link.2712.read.1.tlog
C:\Users\Charles\Dropbox\randomc++\Kinect\kinect proj\kinect proj\Debug\link.2712.write.1.tlog
C:\Users\Charles\Dropbox\randomc++\Kinect\kinect proj\kinect proj\Debug\link.4676-cvtres.read.1.tlog
C:\Users\Charles\Dropbox\randomc++\Kinect\kinect proj\kinect proj\Debug\link.4676-cvtres.write.1.tlog
C:\Users\Charles\Dropbox\randomc++\Kinect\kinect proj\kinect proj\Debug\link.4676-rc.read.1.tlog
C:\Users\Charles\Dropbox\randomc++\Kinect\kinect proj\kinect proj\Debug\link.4676-rc.write.1.tlog
C:\Users\Charles\Dropbox\randomc++\Kinect\kinect proj\kinect proj\Debug\link.4676.read.1.tlog
C:\Users\Charles\Dropbox\randomc++\Kinect\kinect proj\kinect proj\Debug\link.4676.write.1.tlog
C:\Users\Charles\Dropbox\randomc++\Kinect\kinect proj\kinect proj\Debug\link.5320-cvtres.read.1.tlog
C:\Users\Charles\Dropbox\randomc++\Kinect\kinect proj\kinect proj\Debug\link.5320-cvtres.write.1.tlog
C:\Users\Charles\Dropbox\randomc++\Kinect\kinect proj\kinect proj\Debug\link.5320-rc.read.1.tlog
C:\Users\Charles\Dropbox\randomc++\Kinect\kinect proj\kinect proj\Debug\link.5320-rc.write.1.tlog
C:\Users\Charles\Dropbox\randomc++\Kinect\kinect proj\kinect proj\Debug\link.5320.read.1.tlog
C:\Users\Charles\Dropbox\randomc++\Kinect\kinect proj\kinect proj\Debug\link.5320.write.1.tlog
C:\Users\Charles\Dropbox\randomc++\Kinect\kinect proj\kinect proj\Debug\link.6264-cvtres.read.1.tlog
C:\Users\Charles\Dropbox\randomc++\Kinect\kinect proj\kinect proj\Debug\link.6264-cvtres.write.1.tlog
C:\Users\Charles\Dropbox\randomc++\Kinect\kinect proj\kinect proj\Debug\link.6264-rc.read.1.tlog
C:\Users\Charles\Dropbox\randomc++\Kinect\kinect proj\kinect proj\Debug\link.6264-rc.write.1.tlog
C:\Users\Charles\Dropbox\randomc++\Kinect\kinect proj\kinect proj\Debug\link.6264.read.1.tlog
C:\Users\Charles\Dropbox\randomc++\Kinect\kinect proj\kinect proj\Debug\link.6264.write.1.tlog
C:\Users\Charles\Dropbox\randomc++\Kinect\kinect proj\kinect proj\Debug\link.6404-cvtres.read.1.tlog
C:\Users\Charles\Dropbox\randomc++\Kinect\kinect proj\kinect proj\Debug\link.6404-cvtres.write.1.tlog
C:\Users\Charles\Dropbox\randomc++\Kinect\kinect proj\kinect proj\Debug\link.6404-rc.read.1.tlog
C:\Users\Charles\Dropbox\randomc++\Kinect\kinect proj\kinect proj\Debug\link.6404-rc.write.1.tlog
C:\Users\Charles\Dropbox\randomc++\Kinect\kinect proj\kinect proj\Debug\link.6404.read.1.tlog
C:\Users\Charles\Dropbox\randomc++\Kinect\kinect proj\kinect proj\Debug\link.6404.write.1.tlog
C:\Users\Charles\Dropbox\randomc++\Kinect\kinect proj\kinect proj\Debug\link.7248-cvtres.read.1.tlog
C:\Users\Charles\Dropbox\randomc++\Kinect\kinect proj\kinect proj\Debug\link.7248-cvtres.write.1.tlog
C:\Users\Charles\Dropbox\randomc++\Kinect\kinect proj\kinect proj\Debug\link.7248-rc.read.1.tlog
C:\Users\Charles\Dropbox\randomc++\Kinect\kinect proj\kinect proj\Debug\link.7248-rc.write.1.tlog
C:\Users\Charles\Dropbox\randomc++\Kinect\kinect proj\kinect proj\Debug\link.7248.read.1.tlog
C:\Users\Charles\Dropbox\randomc++\Kinect\kinect proj\kinect proj\Debug\link.7248.write.1.tlog
C:\Users\Charles\Dropbox\randomc++\Kinect\kinect proj\kinect proj\Debug\link.7480-cvtres.read.1.tlog
C:\Users\Charles\Dropbox\randomc++\Kinect\kinect proj\kinect proj\Debug\link.7480-cvtres.write.1.tlog
C:\Users\Charles\Dropbox\randomc++\Kinect\kinect proj\kinect proj\Debug\link.7480-rc.read.1.tlog
C:\Users\Charles\Dropbox\randomc++\Kinect\kinect proj\kinect proj\Debug\link.7480-rc.write.1.tlog
C:\Users\Charles\Dropbox\randomc++\Kinect\kinect proj\kinect proj\Debug\link.7480.read.1.tlog
C:\Users\Charles\Dropbox\randomc++\Kinect\kinect proj\kinect proj\Debug\link.7480.write.1.tlog
C:\Users\Charles\Dropbox\randomc++\Kinect\kinect proj\kinect proj\Debug\link.7680-cvtres.read.1.tlog
C:\Users\Charles\Dropbox\randomc++\Kinect\kinect proj\kinect proj\Debug\link.7680-cvtres.write.1.tlog
C:\Users\Charles\Dropbox\randomc++\Kinect\kinect proj\kinect proj\Debug\link.7680-rc.read.1.tlog
C:\Users\Charles\Dropbox\randomc++\Kinect\kinect proj\kinect proj\Debug\link.7680-rc.write.1.tlog
C:\Users\Charles\Dropbox\randomc++\Kinect\kinect proj\kinect proj\Debug\link.7680.read.1.tlog
C:\Users\Charles\Dropbox\randomc++\Kinect\kinect proj\kinect proj\Debug\link.7680.write.1.tlog
C:\Users\Charles\Dropbox\randomc++\Kinect\kinect proj\kinect proj\Debug\link.command.1.tlog
C:\Users\Charles\Dropbox\randomc++\Kinect\kinect proj\kinect proj\Debug\link.read.1.tlog
C:\Users\Charles\Dropbox\randomc++\Kinect\kinect proj\kinect proj\Debug\link.write.1.tlog
C:\Users\Charles\Dropbox\randomc++\Kinect\kinect proj\kinect proj\Debug\vc110.idb
C:\Users\Charles\Dropbox\randomc++\Kinect\kinect proj\kinect proj\Debug\vc110.pdb
C:\Users\Charles\Dropbox\randomc++\Kinect\kinect proj\Debug\kinect proj.pdb
C:\Users\Charles\Dropbox\randomc++\Kinect\kinect proj\Debug\kinect proj.exe
C:\Users\Charles\Dropbox\randomc++\Kinect\kinect proj\Debug\kinect proj.ilk
